# JRE version: OpenJDK Runtime Environment Temurin-17.0.6+10 (17.0.6+10) (build 17.0.6+10)
# Java VM: OpenJDK 64-Bit Server VM Temurin-17.0.6+10 (17.0.6+10, mixed mode, tiered, compressed oops, compressed class ptrs, parallel gc, windows-amd64)
GC Precious Log:
 CPUs: 5 total, 5 available
 Memory: 7992M
 Large Page Support: Disabled
 NUMA Support: Disabled
 Compressed Oops: Enabled (32-bit)
 Alignments: Space 512K, Generation 512K, Heap 2M
 Heap Min Capacity: 100M
 Heap Initial Capacity: 100M
 Heap Max Capacity: 1G
 Pre-touch: Disabled
 Parallel Workers: 5
Heap:
 PSYoungGen      total 4608K, used 1571K [0x00000000eab00000, 0x00000000eb080000, 0x0000000100000000)
  eden space 4096K, 36% used [0x00000000eab00000,0x00000000eac70e50,0x00000000eaf00000)
  from space 512K, 18% used [0x00000000eb000000,0x00000000eb018000,0x00000000eb080000)
  to   space 512K, 0% used [0x00000000eaf80000,0x00000000eaf80000,0x00000000eb000000)
 ParOldGen       total 169472K, used 151208K [0x00000000c0000000, 0x00000000ca580000, 0x00000000eab00000)
  object space 169472K, 89% used [0x00000000c0000000,0x00000000c93aa330,0x00000000ca580000)
 Metaspace       used 77424K, committed 78592K, reserved 1122304K
  class space    used 7620K, committed 8128K, reserved 1048576K
GC Heap History (20 events):
Event: 739.367 GC heap before
{Heap before GC invocations=3034 (full 100):
 PSYoungGen      total 4608K, used 3103K [0x00000000eab00000, 0x00000000eb080000, 0x0000000100000000)
  eden space 4096K, 67% used [0x00000000eab00000,0x00000000eadb7db0,0x00000000eaf00000)
  from space 512K, 62% used [0x00000000eb000000,0x00000000eb050000,0x00000000eb080000)
  to   space 512K, 0% used [0x00000000eaf80000,0x00000000eaf80000,0x00000000eb000000)
 ParOldGen       total 169472K, used 147814K [0x00000000c0000000, 0x00000000ca580000, 0x00000000eab00000)
  object space 169472K, 87% used [0x00000000c0000000,0x00000000c9059b20,0x00000000ca580000)
 Metaspace       used 77421K, committed 78592K, reserved 1122304K
  class space    used 7620K, committed 8128K, reserved 1048576K
}
Event: 739.368 GC heap after
{Heap after GC invocations=3034 (full 100):
 PSYoungGen      total 4608K, used 224K [0x00000000eab00000, 0x00000000eb080000, 0x0000000100000000)
  eden space 4096K, 0% used [0x00000000eab00000,0x00000000eab00000,0x00000000eaf00000)
  from space 512K, 43% used [0x00000000eaf80000,0x00000000eafb8000,0x00000000eb000000)
  to   space 512K, 0% used [0x00000000eb000000,0x00000000eb000000,0x00000000eb080000)
 ParOldGen       total 169472K, used 148041K [0x00000000c0000000, 0x00000000ca580000, 0x00000000eab00000)
  object space 169472K, 87% used [0x00000000c0000000,0x00000000c9092580,0x00000000ca580000)
 Metaspace       used 77421K, committed 78592K, reserved 1122304K
  class space    used 7620K, committed 8128K, reserved 1048576K
}
Event: 739.383 GC heap before
{Heap before GC invocations=3035 (full 100):
 PSYoungGen      total 4608K, used 4196K [0x00000000eab00000, 0x00000000eb080000, 0x0000000100000000)
  eden space 4096K, 96% used [0x00000000eab00000,0x00000000eaee12d0,0x00000000eaf00000)
  from space 512K, 43% used [0x00000000eaf80000,0x00000000eafb8000,0x00000000eb000000)
  to   space 512K, 0% used [0x00000000eb000000,0x00000000eb000000,0x00000000eb080000)
 ParOldGen       total 169472K, used 148041K [0x00000000c0000000, 0x00000000ca580000, 0x00000000eab00000)
  object space 169472K, 87% used [0x00000000c0000000,0x00000000c9092580,0x00000000ca580000)
 Metaspace       used 77422K, committed 78592K, reserved 1122304K
  class space    used 7620K, committed 8128K, reserved 1048576K
}
Event: 739.385 GC heap after
{Heap after GC invocations=3035 (full 100):
 PSYoungGen      total 4608K, used 512K [0x00000000eab00000, 0x00000000eb100000, 0x0000000100000000)
  eden space 4096K, 0% used [0x00000000eab00000,0x00000000eab00000,0x00000000eaf00000)
  from space 512K, 100% used [0x00000000eb000000,0x00000000eb080000,0x00000000eb080000)
  to   space 1024K, 0% used [0x00000000eaf00000,0x00000000eaf00000,0x00000000eb000000)
 ParOldGen       total 169472K, used 148225K [0x00000000c0000000, 0x00000000ca580000, 0x00000000eab00000)
  object space 169472K, 87% used [0x00000000c0000000,0x00000000c90c0580,0x00000000ca580000)
 Metaspace       used 77422K, committed 78592K, reserved 1122304K
  class space    used 7620K, committed 8128K, reserved 1048576K
}
Event: 739.396 GC heap before
{Heap before GC invocations=3036 (full 100):
 PSYoungGen      total 4608K, used 4591K [0x00000000eab00000, 0x00000000eb100000, 0x0000000100000000)
  eden space 4096K, 99% used [0x00000000eab00000,0x00000000eaefbd70,0x00000000eaf00000)
  from space 512K, 100% used [0x00000000eb000000,0x00000000eb080000,0x00000000eb080000)
  to   space 1024K, 0% used [0x00000000eaf00000,0x00000000eaf00000,0x00000000eb000000)
 ParOldGen       total 169472K, used 148225K [0x00000000c0000000, 0x00000000ca580000, 0x00000000eab00000)
  object space 169472K, 87% used [0x00000000c0000000,0x00000000c90c0580,0x00000000ca580000)
 Metaspace       used 77422K, committed 78592K, reserved 1122304K
  class space    used 7620K, committed 8128K, reserved 1048576K
}
Event: 739.397 GC heap after
{Heap after GC invocations=3036 (full 100):
 PSYoungGen      total 5120K, used 555K [0x00000000eab00000, 0x00000000eb100000, 0x0000000100000000)
  eden space 4096K, 0% used [0x00000000eab00000,0x00000000eab00000,0x00000000eaf00000)
  from space 1024K, 54% used [0x00000000eaf00000,0x00000000eaf8aef0,0x00000000eb000000)
  to   space 1024K, 0% used [0x00000000eb000000,0x00000000eb000000,0x00000000eb100000)
 ParOldGen       total 169472K, used 150239K [0x00000000c0000000, 0x00000000ca580000, 0x00000000eab00000)
  object space 169472K, 88% used [0x00000000c0000000,0x00000000c92b7f20,0x00000000ca580000)
 Metaspace       used 77422K, committed 78592K, reserved 1122304K
  class space    used 7620K, committed 8128K, reserved 1048576K
}
Event: 739.408 GC heap before
{Heap before GC invocations=3037 (full 100):
 PSYoungGen      total 5120K, used 4651K [0x00000000eab00000, 0x00000000eb100000, 0x0000000100000000)
  eden space 4096K, 100% used [0x00000000eab00000,0x00000000eaf00000,0x00000000eaf00000)
  from space 1024K, 54% used [0x00000000eaf00000,0x00000000eaf8aef0,0x00000000eb000000)
  to   space 1024K, 0% used [0x00000000eb000000,0x00000000eb000000,0x00000000eb100000)
 ParOldGen       total 169472K, used 150239K [0x00000000c0000000, 0x00000000ca580000, 0x00000000eab00000)
  object space 169472K, 88% used [0x00000000c0000000,0x00000000c92b7f20,0x00000000ca580000)
 Metaspace       used 77422K, committed 78592K, reserved 1122304K
  class space    used 7620K, committed 8128K, reserved 1048576K
}
Event: 739.410 GC heap after
{Heap after GC invocations=3037 (full 100):
 PSYoungGen      total 5120K, used 512K [0x00000000eab00000, 0x00000000eb100000, 0x0000000100000000)
  eden space 4096K, 0% used [0x00000000eab00000,0x00000000eab00000,0x00000000eaf00000)
  from space 1024K, 50% used [0x00000000eb000000,0x00000000eb080000,0x00000000eb100000)
  to   space 1024K, 0% used [0x00000000eaf00000,0x00000000eaf00000,0x00000000eb000000)
 ParOldGen       total 169472K, used 150308K [0x00000000c0000000, 0x00000000ca580000, 0x00000000eab00000)
  object space 169472K, 88% used [0x00000000c0000000,0x00000000c92c93a0,0x00000000ca580000)
 Metaspace       used 77422K, committed 78592K, reserved 1122304K
  class space    used 7620K, committed 8128K, reserved 1048576K
}
Event: 739.424 GC heap before
{Heap before GC invocations=3038 (full 100):
 PSYoungGen      total 5120K, used 4416K [0x00000000eab00000, 0x00000000eb100000, 0x0000000100000000)
  eden space 4096K, 95% used [0x00000000eab00000,0x00000000eaed0240,0x00000000eaf00000)
  from space 1024K, 50% used [0x00000000eb000000,0x00000000eb080000,0x00000000eb100000)
  to   space 1024K, 0% used [0x00000000eaf00000,0x00000000eaf00000,0x00000000eb000000)
 ParOldGen       total 169472K, used 150308K [0x00000000c0000000, 0x00000000ca580000, 0x00000000eab00000)
  object space 169472K, 88% used [0x00000000c0000000,0x00000000c92c93a0,0x00000000ca580000)
 Metaspace       used 77422K, committed 78592K, reserved 1122304K
  class space    used 7620K, committed 8128K, reserved 1048576K
}
Event: 739.426 GC heap after
{Heap after GC invocations=3038 (full 100):
 PSYoungGen      total 5120K, used 448K [0x00000000eab00000, 0x00000000eb080000, 0x0000000100000000)
  eden space 4096K, 0% used [0x00000000eab00000,0x00000000eab00000,0x00000000eaf00000)
  from space 1024K, 43% used [0x00000000eaf00000,0x00000000eaf70000,0x00000000eb000000)
  to   space 512K, 0% used [0x00000000eb000000,0x00000000eb000000,0x00000000eb080000)
 ParOldGen       total 169472K, used 150772K [0x00000000c0000000, 0x00000000ca580000, 0x00000000eab00000)
  object space 169472K, 88% used [0x00000000c0000000,0x00000000c933d3a0,0x00000000ca580000)
 Metaspace       used 77422K, committed 78592K, reserved 1122304K
  class space    used 7620K, committed 8128K, reserved 1048576K
}
Event: 739.443 GC heap before
{Heap before GC invocations=3039 (full 100):
 PSYoungGen      total 5120K, used 4544K [0x00000000eab00000, 0x00000000eb080000, 0x0000000100000000)
  eden space 4096K, 100% used [0x00000000eab00000,0x00000000eaf00000,0x00000000eaf00000)
  from space 1024K, 43% used [0x00000000eaf00000,0x00000000eaf70000,0x00000000eb000000)
  to   space 512K, 0% used [0x00000000eb000000,0x00000000eb000000,0x00000000eb080000)
 ParOldGen       total 169472K, used 150772K [0x00000000c0000000, 0x00000000ca580000, 0x00000000eab00000)
  object space 169472K, 88% used [0x00000000c0000000,0x00000000c933d3a0,0x00000000ca580000)
 Metaspace       used 77422K, committed 78592K, reserved 1122304K
  class space    used 7620K, committed 8128K, reserved 1048576K
}
Event: 739.444 GC heap after
{Heap after GC invocations=3039 (full 100):
 PSYoungGen      total 4608K, used 160K [0x00000000eab00000, 0x00000000eb080000, 0x0000000100000000)
  eden space 4096K, 0% used [0x00000000eab00000,0x00000000eab00000,0x00000000eaf00000)
  from space 512K, 31% used [0x00000000eb000000,0x00000000eb028000,0x00000000eb080000)
  to   space 512K, 0% used [0x00000000eaf80000,0x00000000eaf80000,0x00000000eb000000)
 ParOldGen       total 169472K, used 150985K [0x00000000c0000000, 0x00000000ca580000, 0x00000000eab00000)
  object space 169472K, 89% used [0x00000000c0000000,0x00000000c93725b0,0x00000000ca580000)
 Metaspace       used 77422K, committed 78592K, reserved 1122304K
  class space    used 7620K, committed 8128K, reserved 1048576K
}
Event: 739.458 GC heap before
{Heap before GC invocations=3040 (full 100):
 PSYoungGen      total 4608K, used 3225K [0x00000000eab00000, 0x00000000eb080000, 0x0000000100000000)
  eden space 4096K, 74% used [0x00000000eab00000,0x00000000eadfe7f0,0x00000000eaf00000)
  from space 512K, 31% used [0x00000000eb000000,0x00000000eb028000,0x00000000eb080000)
  to   space 512K, 0% used [0x00000000eaf80000,0x00000000eaf80000,0x00000000eb000000)
 ParOldGen       total 169472K, used 150985K [0x00000000c0000000, 0x00000000ca580000, 0x00000000eab00000)
  object space 169472K, 89% used [0x00000000c0000000,0x00000000c93725b0,0x00000000ca580000)
 Metaspace       used 77422K, committed 78592K, reserved 1122304K
  class space    used 7620K, committed 8128K, reserved 1048576K
}
Event: 739.459 GC heap after
{Heap after GC invocations=3040 (full 100):
 PSYoungGen      total 4608K, used 224K [0x00000000eab00000, 0x00000000eb080000, 0x0000000100000000)
  eden space 4096K, 0% used [0x00000000eab00000,0x00000000eab00000,0x00000000eaf00000)
  from space 512K, 43% used [0x00000000eaf80000,0x00000000eafb8000,0x00000000eb000000)
  to   space 512K, 0% used [0x00000000eb000000,0x00000000eb000000,0x00000000eb080000)
 ParOldGen       total 169472K, used 151022K [0x00000000c0000000, 0x00000000ca580000, 0x00000000eab00000)
  object space 169472K, 89% used [0x00000000c0000000,0x00000000c937ba30,0x00000000ca580000)
 Metaspace       used 77422K, committed 78592K, reserved 1122304K
  class space    used 7620K, committed 8128K, reserved 1048576K
}
Event: 739.478 GC heap before
{Heap before GC invocations=3041 (full 100):
 PSYoungGen      total 4608K, used 4320K [0x00000000eab00000, 0x00000000eb080000, 0x0000000100000000)
  eden space 4096K, 100% used [0x00000000eab00000,0x00000000eaf00000,0x00000000eaf00000)
  from space 512K, 43% used [0x00000000eaf80000,0x00000000eafb8000,0x00000000eb000000)
  to   space 512K, 0% used [0x00000000eb000000,0x00000000eb000000,0x00000000eb080000)
 ParOldGen       total 169472K, used 151022K [0x00000000c0000000, 0x00000000ca580000, 0x00000000eab00000)
  object space 169472K, 89% used [0x00000000c0000000,0x00000000c937ba30,0x00000000ca580000)
 Metaspace       used 77422K, committed 78592K, reserved 1122304K
  class space    used 7620K, committed 8128K, reserved 1048576K
}
Event: 739.479 GC heap after
{Heap after GC invocations=3041 (full 100):
 PSYoungGen      total 4608K, used 224K [0x00000000eab00000, 0x00000000eb080000, 0x0000000100000000)
  eden space 4096K, 0% used [0x00000000eab00000,0x00000000eab00000,0x00000000eaf00000)
  from space 512K, 43% used [0x00000000eb000000,0x00000000eb038000,0x00000000eb080000)
  to   space 512K, 0% used [0x00000000eaf80000,0x00000000eaf80000,0x00000000eb000000)
 ParOldGen       total 169472K, used 151038K [0x00000000c0000000, 0x00000000ca580000, 0x00000000eab00000)
  object space 169472K, 89% used [0x00000000c0000000,0x00000000c937fa30,0x00000000ca580000)
 Metaspace       used 77422K, committed 78592K, reserved 1122304K
  class space    used 7620K, committed 8128K, reserved 1048576K
}
Event: 739.490 GC heap before
{Heap before GC invocations=3042 (full 100):
 PSYoungGen      total 4608K, used 3275K [0x00000000eab00000, 0x00000000eb080000, 0x0000000100000000)
  eden space 4096K, 74% used [0x00000000eab00000,0x00000000eadfaca0,0x00000000eaf00000)
  from space 512K, 43% used [0x00000000eb000000,0x00000000eb038000,0x00000000eb080000)
  to   space 512K, 0% used [0x00000000eaf80000,0x00000000eaf80000,0x00000000eb000000)
 ParOldGen       total 169472K, used 151038K [0x00000000c0000000, 0x00000000ca580000, 0x00000000eab00000)
  object space 169472K, 89% used [0x00000000c0000000,0x00000000c937fa30,0x00000000ca580000)
 Metaspace       used 77422K, committed 78592K, reserved 1122304K
  class space    used 7620K, committed 8128K, reserved 1048576K
}
Event: 739.491 GC heap after
{Heap after GC invocations=3042 (full 100):
 PSYoungGen      total 4608K, used 224K [0x00000000eab00000, 0x00000000eb080000, 0x0000000100000000)
  eden space 4096K, 0% used [0x00000000eab00000,0x00000000eab00000,0x00000000eaf00000)
  from space 512K, 43% used [0x00000000eaf80000,0x00000000eafb8000,0x00000000eb000000)
  to   space 512K, 0% used [0x00000000eb000000,0x00000000eb000000,0x00000000eb080000)
 ParOldGen       total 169472K, used 151077K [0x00000000c0000000, 0x00000000ca580000, 0x00000000eab00000)
  object space 169472K, 89% used [0x00000000c0000000,0x00000000c9389470,0x00000000ca580000)
 Metaspace       used 77422K, committed 78592K, reserved 1122304K
  class space    used 7620K, committed 8128K, reserved 1048576K
}
Event: 739.511 GC heap before
{Heap before GC invocations=3043 (full 100):
 PSYoungGen      total 4608K, used 4320K [0x00000000eab00000, 0x00000000eb080000, 0x0000000100000000)
  eden space 4096K, 100% used [0x00000000eab00000,0x00000000eaf00000,0x00000000eaf00000)
  from space 512K, 43% used [0x00000000eaf80000,0x00000000eafb8000,0x00000000eb000000)
  to   space 512K, 0% used [0x00000000eb000000,0x00000000eb000000,0x00000000eb080000)
 ParOldGen       total 169472K, used 151077K [0x00000000c0000000, 0x00000000ca580000, 0x00000000eab00000)
  object space 169472K, 89% used [0x00000000c0000000,0x00000000c9389470,0x00000000ca580000)
 Metaspace       used 77422K, committed 78592K, reserved 1122304K
  class space    used 7620K, committed 8128K, reserved 1048576K
}
Event: 739.512 GC heap after
{Heap after GC invocations=3043 (full 100):
 PSYoungGen      total 4608K, used 128K [0x00000000eab00000, 0x00000000eb080000, 0x0000000100000000)
  eden space 4096K, 0% used [0x00000000eab00000,0x00000000eab00000,0x00000000eaf00000)
  from space 512K, 25% used [0x00000000eb000000,0x00000000eb020000,0x00000000eb080000)
  to   space 512K, 0% used [0x00000000eaf80000,0x00000000eaf80000,0x00000000eb000000)
 ParOldGen       total 169472K, used 151085K [0x00000000c0000000, 0x00000000ca580000, 0x00000000eab00000)
  object space 169472K, 89% used [0x00000000c0000000,0x00000000c938b470,0x00000000ca580000)
 Metaspace       used 77422K, committed 78592K, reserved 1122304K
  class space    used 7620K, committed 8128K, reserved 1048576K
}

